# JRE version: Java(TM) SE Runtime Environment (8.0_45-b14) (build 1.8.0_45-b14)
# Java VM: Java HotSpot(TM) 64-Bit Server VM (25.45-b02 mixed mode bsd-amd64 compressed oops)
Heap:
 PSYoungGen      total 18944K, used 17579K [0x00000007aab00000, 0x00000007ad380000, 0x00000007c0000000)
  eden space 16384K, 99% used [0x00000007aab00000,0x00000007abafaf30,0x00000007abb00000)
  from space 2560K, 47% used [0x00000007abb00000,0x00000007abc30000,0x00000007abd80000)
  to   space 8704K, 0% used [0x00000007acb00000,0x00000007acb00000,0x00000007ad380000)
 ParOldGen       total 40448K, used 10825K [0x0000000780000000, 0x0000000782780000, 0x00000007aab00000)
  object space 40448K, 26% used [0x0000000780000000,0x0000000780a92408,0x0000000782780000)
 Metaspace       used 22713K, capacity 24100K, committed 24448K, reserved 1071104K
  class space    used 3081K, capacity 3347K, committed 3456K, reserved 1048576K
GC Heap History (10 events):
Event: 2.313 GC heap before
{Heap before GC invocations=2 (full 0):
 PSYoungGen      total 18944K, used 17320K [0x00000007aab00000, 0x00000007ac000000, 0x00000007c0000000)
  eden space 16384K, 90% used [0x00000007aab00000,0x00000007ab96e2c8,0x00000007abb00000)
  from space 2560K, 99% used [0x00000007abb00000,0x00000007abd7c040,0x00000007abd80000)
  to   space 2560K, 0% used [0x00000007abd80000,0x00000007abd80000,0x00000007ac000000)
 ParOldGen       total 44032K, used 328K [0x0000000780000000, 0x0000000782b00000, 0x00000007aab00000)
  object space 44032K, 0% used [0x0000000780000000,0x0000000780052000,0x0000000782b00000)
 Metaspace       used 15141K, capacity 15754K, committed 16000K, reserved 1062912K
  class space    used 2192K, capacity 2354K, committed 2432K, reserved 1048576K
Event: 2.329 GC heap after
Heap after GC invocations=2 (full 0):
 PSYoungGen      total 18944K, used 2528K [0x00000007aab00000, 0x00000007ac000000, 0x00000007c0000000)
  eden space 16384K, 0% used [0x00000007aab00000,0x00000007aab00000,0x00000007abb00000)
  from space 2560K, 98% used [0x00000007abd80000,0x00000007abff8030,0x00000007ac000000)
  to   space 2560K, 0% used [0x00000007abb00000,0x00000007abb00000,0x00000007abd80000)
 ParOldGen       total 44032K, used 2052K [0x0000000780000000, 0x0000000782b00000, 0x00000007aab00000)
  object space 44032K, 4% used [0x0000000780000000,0x0000000780201080,0x0000000782b00000)
 Metaspace       used 15141K, capacity 15754K, committed 16000K, reserved 1062912K
  class space    used 2192K, capacity 2354K, committed 2432K, reserved 1048576K
}
Event: 7.999 GC heap before
{Heap before GC invocations=3 (full 0):
 PSYoungGen      total 18944K, used 18912K [0x00000007aab00000, 0x00000007ac000000, 0x00000007c0000000)
  eden space 16384K, 100% used [0x00000007aab00000,0x00000007abb00000,0x00000007abb00000)
  from space 2560K, 98% used [0x00000007abd80000,0x00000007abff8030,0x00000007ac000000)
  to   space 2560K, 0% used [0x00000007abb00000,0x00000007abb00000,0x00000007abd80000)
 ParOldGen       total 44032K, used 2052K [0x0000000780000000, 0x0000000782b00000, 0x00000007aab00000)
  object space 44032K, 4% used [0x0000000780000000,0x0000000780201080,0x0000000782b00000)
 Metaspace       used 19137K, capacity 19914K, committed 20096K, reserved 1067008K
  class space    used 2628K, capacity 2830K, committed 2944K, reserved 1048576K
Event: 8.016 GC heap after
Heap after GC invocations=3 (full 0):
 PSYoungGen      total 18944K, used 2544K [0x00000007aab00000, 0x00000007ac000000, 0x00000007c0000000)
  eden space 16384K, 0% used [0x00000007aab00000,0x00000007aab00000,0x00000007abb00000)
  from space 2560K, 99% used [0x00000007abb00000,0x00000007abd7c050,0x00000007abd80000)
  to   space 2560K, 0% used [0x00000007abd80000,0x00000007abd80000,0x00000007ac000000)
 ParOldGen       total 44032K, used 7268K [0x0000000780000000, 0x0000000782b00000, 0x00000007aab00000)
  object space 44032K, 16% used [0x0000000780000000,0x0000000780719030,0x0000000782b00000)
 Metaspace       used 19137K, capacity 19914K, committed 20096K, reserved 1067008K
  class space    used 2628K, capacity 2830K, committed 2944K, reserved 1048576K
}
Event: 8.300 GC heap before
{Heap before GC invocations=4 (full 0):
 PSYoungGen      total 18944K, used 9205K [0x00000007aab00000, 0x00000007ac000000, 0x00000007c0000000)
  eden space 16384K, 40% used [0x00000007aab00000,0x00000007ab181450,0x00000007abb00000)
  from space 2560K, 99% used [0x00000007abb00000,0x00000007abd7c050,0x00000007abd80000)
  to   space 2560K, 0% used [0x00000007abd80000,0x00000007abd80000,0x00000007ac000000)
 ParOldGen       total 44032K, used 7268K [0x0000000780000000, 0x0000000782b00000, 0x00000007aab00000)
  object space 44032K, 16% used [0x0000000780000000,0x0000000780719030,0x0000000782b00000)
 Metaspace       used 20168K, capacity 21240K, committed 21296K, reserved 1067008K
  class space    used 2795K, capacity 3035K, committed 3072K, reserved 1048576K
Event: 8.310 GC heap after
Heap after GC invocations=4 (full 0):
 PSYoungGen      total 18944K, used 2528K [0x00000007aab00000, 0x00000007ad000000, 0x00000007c0000000)
  eden space 16384K, 0% used [0x00000007aab00000,0x00000007aab00000,0x00000007abb00000)
  from space 2560K, 98% used [0x00000007abd80000,0x00000007abff8050,0x00000007ac000000)
  to   space 2560K, 0% used [0x00000007abb00000,0x00000007abb00000,0x00000007abd80000)
 ParOldGen       total 44032K, used 8678K [0x0000000780000000, 0x0000000782b00000, 0x00000007aab00000)
  object space 44032K, 19% used [0x0000000780000000,0x0000000780879988,0x0000000782b00000)
 Metaspace       used 20168K, capacity 21240K, committed 21296K, reserved 1067008K
  class space    used 2795K, capacity 3035K, committed 3072K, reserved 1048576K
}
Event: 8.310 GC heap before
{Heap before GC invocations=5 (full 1):
 PSYoungGen      total 18944K, used 2528K [0x00000007aab00000, 0x00000007ad000000, 0x00000007c0000000)
  eden space 16384K, 0% used [0x00000007aab00000,0x00000007aab00000,0x00000007abb00000)
  from space 2560K, 98% used [0x00000007abd80000,0x00000007abff8050,0x00000007ac000000)
  to   space 2560K, 0% used [0x00000007abb00000,0x00000007abb00000,0x00000007abd80000)
 ParOldGen       total 44032K, used 8678K [0x0000000780000000, 0x0000000782b00000, 0x00000007aab00000)
  object space 44032K, 19% used [0x0000000780000000,0x0000000780879988,0x0000000782b00000)
 Metaspace       used 20168K, capacity 21240K, committed 21296K, reserved 1067008K
  class space    used 2795K, capacity 3035K, committed 3072K, reserved 1048576K
Event: 8.404 GC heap after
Heap after GC invocations=5 (full 1):
 PSYoungGen      total 18944K, used 0K [0x00000007aab00000, 0x00000007ad000000, 0x00000007c0000000)
  eden space 16384K, 0% used [0x00000007aab00000,0x00000007aab00000,0x00000007abb00000)
  from space 2560K, 0% used [0x00000007abd80000,0x00000007abd80000,0x00000007ac000000)
  to   space 2560K, 0% used [0x00000007abb00000,0x00000007abb00000,0x00000007abd80000)
 ParOldGen       total 40448K, used 10825K [0x0000000780000000, 0x0000000782780000, 0x00000007aab00000)
  object space 40448K, 26% used [0x0000000780000000,0x0000000780a92408,0x0000000782780000)
 Metaspace       used 20168K, capacity 21240K, committed 21296K, reserved 1067008K
  class space    used 2795K, capacity 3035K, committed 3072K, reserved 1048576K
}
Event: 115.048 GC heap before
{Heap before GC invocations=6 (full 1):
 PSYoungGen      total 18944K, used 16384K [0x00000007aab00000, 0x00000007ad000000, 0x00000007c0000000)
  eden space 16384K, 100% used [0x00000007aab00000,0x00000007abb00000,0x00000007abb00000)
  from space 2560K, 0% used [0x00000007abd80000,0x00000007abd80000,0x00000007ac000000)
  to   space 2560K, 0% used [0x00000007abb00000,0x00000007abb00000,0x00000007abd80000)
 ParOldGen       total 40448K, used 10825K [0x0000000780000000, 0x0000000782780000, 0x00000007aab00000)
  object space 40448K, 26% used [0x0000000780000000,0x0000000780a92408,0x0000000782780000)
 Metaspace       used 21561K, capacity 22768K, committed 22912K, reserved 1069056K
  class space    used 2916K, capacity 3161K, committed 3200K, reserved 1048576K
Event: 115.053 GC heap after
Heap after GC invocations=6 (full 1):
 PSYoungGen      total 18944K, used 1216K [0x00000007aab00000, 0x00000007ad380000, 0x00000007c0000000)
  eden space 16384K, 0% used [0x00000007aab00000,0x00000007aab00000,0x00000007abb00000)
  from space 2560K, 47% used [0x00000007abb00000,0x00000007abc30000,0x00000007abd80000)
  to   space 8704K, 0% used [0x00000007acb00000,0x00000007acb00000,0x00000007ad380000)
 ParOldGen       total 40448K, used 10825K [0x0000000780000000, 0x0000000782780000, 0x00000007aab00000)
  object space 40448K, 26% used [0x0000000780000000,0x0000000780a92408,0x0000000782780000)
 Metaspace       used 21561K, capacity 22768K, committed 22912K, reserved 1069056K
  class space    used 2916K, capacity 3161K, committed 3200K, reserved 1048576K
}

